110.06.10 22:29 B \\.PSF\Untitled\Documents\webroot\Web One - v2\Phylotech\images\sidebullet.jpg --> www.web-1.net /Phylotech/images sidebullet.jpg
110.06.10 22:29 B \\.PSF\Untitled\Documents\webroot\Web One - v2\Phylotech\images\img_hmp.jpg --> www.web-1.net /Phylotech/images img_hmp.jpg
110.06.10 22:30 B \\.PSF\Untitled\Documents\webroot\Web One - v2\Phylotech\images\stockart.jpg --> www.web-1.net /Phylotech/images stockart.jpg
110.06.10 22:30 B \\.PSF\Untitled\Documents\webroot\Web One - v2\Phylotech\images\sidebg.jpg --> www.web-1.net /Phylotech/images sidebg.jpg
110.06.10 22:30 B \\.PSF\Untitled\Documents\webroot\Web One - v2\Phylotech\images\header_applications_humanhealth.gif --> www.web-1.net /Phylotech/images header_applications_humanhealth.gif
110.06.10 22:30 B \\.PSF\Untitled\Documents\webroot\Web One - v2\Phylotech\images\subpage.html --> www.web-1.net /Phylotech/images subpage.html
110.06.10 22:30 B \\.PSF\Untitled\Documents\webroot\Web One - v2\Phylotech\images\logo_sub.gif --> www.web-1.net /Phylotech/images logo_sub.gif
110.06.10 22:30 B \\.PSF\Untitled\Documents\webroot\Web One - v2\Phylotech\images\nav_about_on.jpg --> www.web-1.net /Phylotech/images nav_about_on.jpg
110.06.10 22:31 B \\.PSF\Untitled\Documents\webroot\Web One - v2\Phylotech\images\twitter2.gif --> www.web-1.net /Phylotech/images twitter2.gif
110.06.10 22:31 B \\.PSF\Untitled\Documents\webroot\Web One - v2\Phylotech\images\facebook2.gif --> www.web-1.net /Phylotech/images facebook2.gif
110.06.10 22:31 B \\.PSF\Untitled\Documents\webroot\Web One - v2\Phylotech\images\twitter1.gif --> www.web-1.net /Phylotech/images twitter1.gif
110.06.10 22:31 B \\.PSF\Untitled\Documents\webroot\Web One - v2\Phylotech\images\followus.gif --> www.web-1.net /Phylotech/images followus.gif
110.06.10 22:31 B \\.PSF\Untitled\Documents\webroot\Web One - v2\Phylotech\images\facebook1.gif --> www.web-1.net /Phylotech/images facebook1.gif
110.06.10 22:31 B \\.PSF\Untitled\Documents\webroot\Web One - v2\Phylotech\images\img_study.gif --> www.web-1.net /Phylotech/images img_study.gif
110.06.10 22:32 B \\.PSF\Untitled\Documents\webroot\Web One - v2\Phylotech\images\img_pubs.gif --> www.web-1.net /Phylotech/images img_pubs.gif
110.06.10 22:32 B \\.PSF\Untitled\Documents\webroot\Web One - v2\Phylotech\images\img_news.gif --> www.web-1.net /Phylotech/images img_news.gif
110.06.10 22:32 B \\.PSF\Untitled\Documents\webroot\Web One - v2\Phylotech\images\vertline.gif --> www.web-1.net /Phylotech/images vertline.gif
110.06.10 22:32 B \\.PSF\Untitled\Documents\webroot\Web One - v2\Phylotech\images\head_study.gif --> www.web-1.net /Phylotech/images head_study.gif
110.06.10 22:33 B \\.PSF\Untitled\Documents\webroot\Web One - v2\Phylotech\images\head_recentpubs.gif --> www.web-1.net /Phylotech/images head_recentpubs.gif
110.06.10 22:33 B \\.PSF\Untitled\Documents\webroot\Web One - v2\Phylotech\images\head_new.gif --> www.web-1.net /Phylotech/images head_new.gif
110.06.10 22:33 B \\.PSF\Untitled\Documents\webroot\Web One - v2\Phylotech\images\bodybg.gif --> www.web-1.net /Phylotech/images bodybg.gif
110.06.10 22:33 B \\.PSF\Untitled\Documents\webroot\Web One - v2\Phylotech\images\bottomcurves.gif --> www.web-1.net /Phylotech/images bottomcurves.gif
110.06.10 22:33 B \\.PSF\Untitled\Documents\webroot\Web One - v2\Phylotech\images\nav_applications_off.jpg --> www.web-1.net /Phylotech/images nav_applications_off.jpg
110.06.10 22:33 B \\.PSF\Untitled\Documents\webroot\Web One - v2\Phylotech\images\welcome_message.gif --> www.web-1.net /Phylotech/images welcome_message.gif
110.06.10 22:34 B \\.PSF\Untitled\Documents\webroot\Web One - v2\Phylotech\images\nav_services_on.jpg --> www.web-1.net /Phylotech/images nav_services_on.jpg
110.06.10 22:34 B \\.PSF\Untitled\Documents\webroot\Web One - v2\Phylotech\images\nav_projects_on.jpg --> www.web-1.net /Phylotech/images nav_projects_on.jpg
110.06.10 22:34 B \\.PSF\Untitled\Documents\webroot\Web One - v2\Phylotech\images\image3.jpg --> www.web-1.net /Phylotech/images image3.jpg
110.06.10 22:34 B \\.PSF\Untitled\Documents\webroot\Web One - v2\Phylotech\images\image2.jpg --> www.web-1.net /Phylotech/images image2.jpg
110.06.10 22:34 B \\.PSF\Untitled\Documents\webroot\Web One - v2\Phylotech\images\image1.jpg --> www.web-1.net /Phylotech/images image1.jpg
110.06.10 22:35 B \\.PSF\Untitled\Documents\webroot\Web One - v2\Phylotech\images\top_spacer.jpg --> www.web-1.net /Phylotech/images top_spacer.jpg
110.06.10 22:35 B \\.PSF\Untitled\Documents\webroot\Web One - v2\Phylotech\images\nav_services_off.jpg --> www.web-1.net /Phylotech/images nav_services_off.jpg
110.06.10 22:35 B \\.PSF\Untitled\Documents\webroot\Web One - v2\Phylotech\images\nav_applications_on.jpg --> www.web-1.net /Phylotech/images nav_applications_on.jpg
110.06.10 22:35 B \\.PSF\Untitled\Documents\webroot\Web One - v2\Phylotech\images\nav_projects_off.jpg --> www.web-1.net /Phylotech/images nav_projects_off.jpg
110.06.10 22:35 B \\.PSF\Untitled\Documents\webroot\Web One - v2\Phylotech\images\nav_about_off.jpg --> www.web-1.net /Phylotech/images nav_about_off.jpg
110.06.10 22:36 B \\.PSF\Untitled\Documents\webroot\Web One - v2\Phylotech\images\facebooktwitter.jpg --> www.web-1.net /Phylotech/images facebooktwitter.jpg
110.06.10 22:36 B \\.PSF\Untitled\Documents\webroot\Web One - v2\Phylotech\images\logo.jpg --> www.web-1.net /Phylotech/images logo.jpg
110.06.11 10:21 B \\.PSF\Untitled\Documents\webroot\Web One - v2\Phylotech\images\nav_applications_off2.jpg --> www.web-1.net /Phylotech/images nav_applications_off2.jpg
110.06.11 10:21 B \\.PSF\Untitled\Documents\webroot\Web One - v2\Phylotech\images\nav_about_off2.jpg --> www.web-1.net /Phylotech/images nav_about_off2.jpg
110.06.17 23:55 B \\.PSF\Untitled\Documents\webroot\Web One - v2\Phylotech\images\accent_other.jpg --> www.web-1.net /Phylotech/images accent_other.jpg
110.06.17 23:55 B \\.PSF\Untitled\Documents\webroot\Web One - v2\Phylotech\images\header_applications_other.jpg --> www.web-1.net /Phylotech/images header_applications_other.jpg
110.06.17 23:55 B \\.PSF\Untitled\Documents\webroot\Web One - v2\Phylotech\images\header_applications_food.jpg --> www.web-1.net /Phylotech/images header_applications_food.jpg
110.06.17 23:55 B \\.PSF\Untitled\Documents\webroot\Web One - v2\Phylotech\images\header_applications_food.gif --> www.web-1.net /Phylotech/images header_applications_food.gif
110.06.17 23:55 B \\.PSF\Untitled\Documents\webroot\Web One - v2\Phylotech\images\accent_food.jpg --> www.web-1.net /Phylotech/images accent_food.jpg
110.06.17 23:55 B \\.PSF\Untitled\Documents\webroot\Web One - v2\Phylotech\images\header_applications_water.gif --> www.web-1.net /Phylotech/images header_applications_water.gif
110.06.17 23:56 B \\.PSF\Untitled\Documents\webroot\Web One - v2\Phylotech\images\accent_water.jpg --> www.web-1.net /Phylotech/images accent_water.jpg
110.06.17 23:56 B \\.PSF\Untitled\Documents\webroot\Web One - v2\Phylotech\images\accent_humanhealth.jpg --> www.web-1.net /Phylotech/images accent_humanhealth.jpg
110.06.17 23:56 B \\.PSF\Untitled\Documents\webroot\Web One - v2\Phylotech\images\nav_about_off.jpg --> www.web-1.net /Phylotech/images nav_about_off.jpg
110.06.17 23:56 B \\.PSF\Untitled\Documents\webroot\Web One - v2\Phylotech\images\nav_about_on.jpg --> www.web-1.net /Phylotech/images nav_about_on.jpg
110.06.17 23:56 B \\.PSF\Untitled\Documents\webroot\Web One - v2\Phylotech\images\nav_applications_off.jpg --> www.web-1.net /Phylotech/images nav_applications_off.jpg
110.06.17 23:56 B \\.PSF\Untitled\Documents\webroot\Web One - v2\Phylotech\images\sidebullet2.jpg --> www.web-1.net /Phylotech/images sidebullet2.jpg
110.06.17 23:57 B \\.PSF\Untitled\Documents\webroot\Web One - v2\Phylotech\images\sidebullet_blank.gif --> www.web-1.net /Phylotech/images sidebullet_blank.gif
110.06.17 23:57 B \\.PSF\Untitled\Documents\webroot\Web One - v2\Phylotech\images\leftfade.jpg --> www.web-1.net /Phylotech/images leftfade.jpg
110.06.17 23:57 B \\.PSF\Untitled\Documents\webroot\Web One - v2\Phylotech\images\leftfade.gif --> www.web-1.net /Phylotech/images leftfade.gif
110.06.17 23:57 B \\.PSF\Untitled\Documents\webroot\Web One - v2\Phylotech\images\sidebullet_blank.jpg --> www.web-1.net /Phylotech/images sidebullet_blank.jpg
110.06.19 00:20 B \\.PSF\Untitled\Documents\webroot\Web One - v2\Phylotech\images\arrow-create.gif --> www.web-1.net /Phylotech/images arrow-create.gif
110.06.19 00:20 B \\.PSF\Untitled\Documents\webroot\Web One - v2\Phylotech\images\header_projects_create.gif --> www.web-1.net /Phylotech/images header_projects_create.gif
110.06.19 00:20 B \\.PSF\Untitled\Documents\webroot\Web One - v2\Phylotech\images\arrow-design.gif --> www.web-1.net /Phylotech/images arrow-design.gif
110.06.19 00:21 B \\.PSF\Untitled\Documents\webroot\Web One - v2\Phylotech\images\header_projects_design.gif --> www.web-1.net /Phylotech/images header_projects_design.gif
110.06.19 00:21 B \\.PSF\Untitled\Documents\webroot\Web One - v2\Phylotech\images\header_about_partners.gif --> www.web-1.net /Phylotech/images header_about_partners.gif
110.06.19 00:21 B \\.PSF\Untitled\Documents\webroot\Web One - v2\Phylotech\images\header_about_company.gif --> www.web-1.net /Phylotech/images header_about_company.gif
110.06.19 00:21 B \\.PSF\Untitled\Documents\webroot\Web One - v2\Phylotech\images\header_about_contact.gif --> www.web-1.net /Phylotech/images header_about_contact.gif
110.06.19 00:21 B \\.PSF\Untitled\Documents\webroot\Web One - v2\Phylotech\images\header_about_ledership.gif --> www.web-1.net /Phylotech/images header_about_ledership.gif
110.06.19 00:21 B \\.PSF\Untitled\Documents\webroot\Web One - v2\Phylotech\images\header_about_leadership.gif --> www.web-1.net /Phylotech/images header_about_leadership.gif
110.06.19 00:22 B \\.PSF\Untitled\Documents\webroot\Web One - v2\Phylotech\images\header_about_privacy.gif --> www.web-1.net /Phylotech/images header_about_privacy.gif
110.06.19 00:22 B \\.PSF\Untitled\Documents\webroot\Web One - v2\Phylotech\images\header_about_terms.gif --> www.web-1.net /Phylotech/images header_about_terms.gif
110.06.19 00:22 B \\.PSF\Untitled\Documents\webroot\Web One - v2\Phylotech\images\header_services_analysis.gif --> www.web-1.net /Phylotech/images header_services_analysis.gif
110.06.19 00:22 B \\.PSF\Untitled\Documents\webroot\Web One - v2\Phylotech\images\header_services_order.gif --> www.web-1.net /Phylotech/images header_services_order.gif
110.06.19 00:23 B \\.PSF\Untitled\Documents\webroot\Web One - v2\Phylotech\images\img_results2.jpg --> www.web-1.net /Phylotech/images img_results2.jpg
110.06.19 00:23 B \\.PSF\Untitled\Documents\webroot\Web One - v2\Phylotech\images\img_results1.jpg --> www.web-1.net /Phylotech/images img_results1.jpg
110.06.19 00:23 B \\.PSF\Untitled\Documents\webroot\Web One - v2\Phylotech\images\header_services_results.gif --> www.web-1.net /Phylotech/images header_services_results.gif
110.06.19 00:23 B \\.PSF\Untitled\Documents\webroot\Web One - v2\Phylotech\images\img_technology.jpg --> www.web-1.net /Phylotech/images img_technology.jpg
110.06.19 00:23 B \\.PSF\Untitled\Documents\webroot\Web One - v2\Phylotech\images\header_services_technology.gif --> www.web-1.net /Phylotech/images header_services_technology.gif
110.06.19 00:23 B \\.PSF\Untitled\Documents\webroot\Web One - v2\Phylotech\images\img_howitworks.jpg --> www.web-1.net /Phylotech/images img_howitworks.jpg
110.06.19 00:42 B \\.PSF\Untitled\Documents\webroot\Web One - v2\Phylotech\images\arrow-create.gif --> www.web-1.net /Phylotech/images arrow-create.gif
110.06.19 00:42 B \\.PSF\Untitled\Documents\webroot\Web One - v2\Phylotech\images\header_projects_create.gif --> www.web-1.net /Phylotech/images header_projects_create.gif
110.06.19 00:42 B \\.PSF\Untitled\Documents\webroot\Web One - v2\Phylotech\images\arrow-design.gif --> www.web-1.net /Phylotech/images arrow-design.gif
110.06.19 00:43 B \\.PSF\Untitled\Documents\webroot\Web One - v2\Phylotech\images\header_projects_design.gif --> www.web-1.net /Phylotech/images header_projects_design.gif
110.06.19 00:43 B \\.PSF\Untitled\Documents\webroot\Web One - v2\Phylotech\images\header_about_partners.gif --> www.web-1.net /Phylotech/images header_about_partners.gif
110.06.19 00:43 B \\.PSF\Untitled\Documents\webroot\Web One - v2\Phylotech\images\header_about_company.gif --> www.web-1.net /Phylotech/images header_about_company.gif
110.06.19 00:43 B \\.PSF\Untitled\Documents\webroot\Web One - v2\Phylotech\images\header_about_contact.gif --> www.web-1.net /Phylotech/images header_about_contact.gif
110.06.19 00:44 B \\.PSF\Untitled\Documents\webroot\Web One - v2\Phylotech\images\header_about_ledership.gif --> www.web-1.net /Phylotech/images header_about_ledership.gif
110.06.19 00:44 B \\.PSF\Untitled\Documents\webroot\Web One - v2\Phylotech\images\header_about_leadership.gif --> www.web-1.net /Phylotech/images header_about_leadership.gif
110.06.19 00:44 B \\.PSF\Untitled\Documents\webroot\Web One - v2\Phylotech\images\header_about_privacy.gif --> www.web-1.net /Phylotech/images header_about_privacy.gif
110.06.19 00:44 B \\.PSF\Untitled\Documents\webroot\Web One - v2\Phylotech\images\header_about_terms.gif --> www.web-1.net /Phylotech/images header_about_terms.gif
110.06.19 00:44 B \\.PSF\Untitled\Documents\webroot\Web One - v2\Phylotech\images\header_services_analysis.gif --> www.web-1.net /Phylotech/images header_services_analysis.gif
110.06.19 00:44 B \\.PSF\Untitled\Documents\webroot\Web One - v2\Phylotech\images\header_services_order.gif --> www.web-1.net /Phylotech/images header_services_order.gif
110.06.19 00:45 B \\.PSF\Untitled\Documents\webroot\Web One - v2\Phylotech\images\img_results2.jpg --> www.web-1.net /Phylotech/images img_results2.jpg
110.06.19 00:45 B \\.PSF\Untitled\Documents\webroot\Web One - v2\Phylotech\images\img_results1.jpg --> www.web-1.net /Phylotech/images img_results1.jpg
110.06.19 00:45 B \\.PSF\Untitled\Documents\webroot\Web One - v2\Phylotech\images\header_services_results.gif --> www.web-1.net /Phylotech/images header_services_results.gif
110.06.19 00:45 B \\.PSF\Untitled\Documents\webroot\Web One - v2\Phylotech\images\img_technology.jpg --> www.web-1.net /Phylotech/images img_technology.jpg
110.06.19 00:45 B \\.PSF\Untitled\Documents\webroot\Web One - v2\Phylotech\images\header_services_technology.gif --> www.web-1.net /Phylotech/images header_services_technology.gif
110.06.19 00:45 B \\.PSF\Untitled\Documents\webroot\Web One - v2\Phylotech\images\img_howitworks.jpg --> www.web-1.net /Phylotech/images img_howitworks.jpg
110.06.19 00:46 B \\.PSF\Untitled\Documents\webroot\Web One - v2\Phylotech\images\header_services_works.gif --> www.web-1.net /Phylotech/images header_services_works.gif
110.06.19 00:47 B \\.PSF\Untitled\Documents\webroot\Web One - v2\Phylotech\images\header_services_order.gif --> www.web-1.net /Phylotech/images header_services_order.gif
110.06.19 14:17 B \\.PSF\Untitled\Documents\webroot\Web One - v2\Phylotech\images\step5.gif --> www.web-1.net /Phylotech/images step5.gif
110.06.19 14:17 B \\.PSF\Untitled\Documents\webroot\Web One - v2\Phylotech\images\header_download.gif --> www.web-1.net /Phylotech/images header_download.gif
110.06.19 14:17 B \\.PSF\Untitled\Documents\webroot\Web One - v2\Phylotech\images\step3.gif --> www.web-1.net /Phylotech/images step3.gif
110.06.19 14:18 B \\.PSF\Untitled\Documents\webroot\Web One - v2\Phylotech\images\header_ord.gif --> www.web-1.net /Phylotech/images header_ord.gif
110.06.19 14:18 B \\.PSF\Untitled\Documents\webroot\Web One - v2\Phylotech\images\step2.gif --> www.web-1.net /Phylotech/images step2.gif
110.06.19 14:18 B \\.PSF\Untitled\Documents\webroot\Web One - v2\Phylotech\images\header_prep.gif --> www.web-1.net /Phylotech/images header_prep.gif
110.06.19 14:18 B \\.PSF\Untitled\Documents\webroot\Web One - v2\Phylotech\images\header_specimens.gif --> www.web-1.net /Phylotech/images header_specimens.gif
110.06.19 14:18 B \\.PSF\Untitled\Documents\webroot\Web One - v2\Phylotech\images\step4.gif --> www.web-1.net /Phylotech/images step4.gif
110.06.19 14:18 B \\.PSF\Untitled\Documents\webroot\Web One - v2\Phylotech\images\sidebullet2r.gif --> www.web-1.net /Phylotech/images sidebullet2r.gif
110.06.19 14:19 B \\.PSF\Untitled\Documents\webroot\Web One - v2\Phylotech\images\sidebullet_blankr.gif --> www.web-1.net /Phylotech/images sidebullet_blankr.gif
110.06.19 14:19 B \\.PSF\Untitled\Documents\webroot\Web One - v2\Phylotech\images\click.jpg --> www.web-1.net /Phylotech/images click.jpg
110.06.19 14:19 B \\.PSF\Untitled\Documents\webroot\Web One - v2\Phylotech\images\rightfade.jpg --> www.web-1.net /Phylotech/images rightfade.jpg
110.06.19 14:19 B \\.PSF\Untitled\Documents\webroot\Web One - v2\Phylotech\images\click.gif --> www.web-1.net /Phylotech/images click.gif
110.06.19 14:19 B \\.PSF\Untitled\Documents\webroot\Web One - v2\Phylotech\images\WS_FTP.LOG --> www.web-1.net /Phylotech/images WS_FTP.LOG
110.06.19 14:19 B \\.PSF\Untitled\Documents\webroot\Web One - v2\Phylotech\images\arrow-create.gif --> www.web-1.net /Phylotech/images arrow-create.gif
110.06.19 14:20 B \\.PSF\Untitled\Documents\webroot\Web One - v2\Phylotech\images\header_projects_create.gif --> www.web-1.net /Phylotech/images header_projects_create.gif
110.06.19 14:20 B \\.PSF\Untitled\Documents\webroot\Web One - v2\Phylotech\images\arrow-design.gif --> www.web-1.net /Phylotech/images arrow-design.gif
110.06.19 19:51 B \\.PSF\Untitled\Documents\webroot\Web One - v2\Phylotech\images\sidebg.jpg --> www.web-1.net /Phylotech/images sidebg.jpg
110.06.23 16:59 B \\.PSF\Untitled\Documents\webroot\Web One - v2\Phylotech\images\header_ssf.gif --> www.web-1.net /Phylotech/images header_ssf.gif
110.06.23 16:59 B \\.PSF\Untitled\Documents\webroot\Web One - v2\Phylotech\images\header_pif.gif --> www.web-1.net /Phylotech/images header_pif.gif
110.06.25 20:53 B \\.PSF\Untitled\Documents\webroot\Web One - v2\Phylotech\images\header_study.jpg --> www.web-1.net /Phylotech/images header_study.jpg
110.06.25 20:53 B \\.PSF\Untitled\Documents\webroot\Web One - v2\Phylotech\images\header_pubs.jpg --> www.web-1.net /Phylotech/images header_pubs.jpg
110.06.25 20:53 B \\.PSF\Untitled\Documents\webroot\Web One - v2\Phylotech\images\header_whatsnew.jpg --> www.web-1.net /Phylotech/images header_whatsnew.jpg
110.06.25 20:53 B \\.PSF\Untitled\Documents\webroot\Web One - v2\Phylotech\images\header_services_faq.jpg --> www.web-1.net /Phylotech/images header_services_faq.jpg
110.06.25 20:53 B \\.PSF\Untitled\Documents\webroot\Web One - v2\Phylotech\images\click.jpg --> www.web-1.net /Phylotech/images click.jpg
110.06.25 20:54 B \\.PSF\Untitled\Documents\webroot\Web One - v2\Phylotech\images\img_howitworks.jpg --> www.web-1.net /Phylotech/images img_howitworks.jpg
110.06.25 20:54 B \\.PSF\Untitled\Documents\webroot\Web One - v2\Phylotech\images\welcome_message.gif --> www.web-1.net /Phylotech/images welcome_message.gif
110.06.25 20:54 B \\.PSF\Untitled\Documents\webroot\Web One - v2\Phylotech\images\WS_FTP.LOG --> www.web-1.net /Phylotech/images WS_FTP.LOG
110.06.25 20:54 B \\.PSF\Untitled\Documents\webroot\Web One - v2\Phylotech\images\header_ssf.gif --> www.web-1.net /Phylotech/images header_ssf.gif
110.06.25 20:54 B \\.PSF\Untitled\Documents\webroot\Web One - v2\Phylotech\images\header_pif.gif --> www.web-1.net /Phylotech/images header_pif.gif
110.06.26 18:55 B \\.PSF\Untitled\Documents\webroot\Web One - v2\Phylotech\images\header_projects_create.gif --> www.web-1.net /Phylotech/images header_projects_create.gif
110.06.26 19:54 B \\.PSF\Untitled\Documents\webroot\Web One - v2\Phylotech\images\img_howitworks.jpg --> www.web-1.net /Phylotech/images img_howitworks.jpg
